# JRE version: Java(TM) SE Runtime Environment (8.0_60-b27) (build 1.8.0_60-b27)
# Java VM: Java HotSpot(TM) 64-Bit Server VM (25.60-b23 mixed mode linux-amd64 compressed oops)
Heap:
 PSYoungGen      total 18432K, used 1024K [0x00000000f5900000, 0x00000000f6c00000, 0x0000000100000000)
  eden space 17408K, 0% used [0x00000000f5900000,0x00000000f5900000,0x00000000f6a00000)
  from space 1024K, 100% used [0x00000000f6a00000,0x00000000f6b00000,0x00000000f6b00000)
  to   space 1024K, 0% used [0x00000000f6b00000,0x00000000f6b00000,0x00000000f6c00000)
 ParOldGen       total 22016K, used 6364K [0x00000000e0a00000, 0x00000000e1f80000, 0x00000000f5900000)
  object space 22016K, 28% used [0x00000000e0a00000,0x00000000e1037190,0x00000000e1f80000)
 Metaspace       used 12596K, capacity 12782K, committed 12928K, reserved 1060864K
  class space    used 1476K, capacity 1557K, committed 1664K, reserved 1048576K
GC Heap History (9 events):
Event: 0.432 GC heap before
{Heap before GC invocations=1 (full 0):
 PSYoungGen      total 9728K, used 8704K [0x00000000f5900000, 0x00000000f6380000, 0x0000000100000000)
  eden space 8704K, 100% used [0x00000000f5900000,0x00000000f6180000,0x00000000f6180000)
  from space 1024K, 0% used [0x00000000f6280000,0x00000000f6280000,0x00000000f6380000)
  to   space 1024K, 0% used [0x00000000f6180000,0x00000000f6180000,0x00000000f6280000)
 ParOldGen       total 22016K, used 0K [0x00000000e0a00000, 0x00000000e1f80000, 0x00000000f5900000)
  object space 22016K, 0% used [0x00000000e0a00000,0x00000000e0a00000,0x00000000e1f80000)
 Metaspace       used 4357K, capacity 4976K, committed 5248K, reserved 1056768K
  class space    used 494K, capacity 540K, committed 640K, reserved 1048576K
Event: 0.435 GC heap after
Heap after GC invocations=1 (full 0):
 PSYoungGen      total 9728K, used 1008K [0x00000000f5900000, 0x00000000f6380000, 0x0000000100000000)
  eden space 8704K, 0% used [0x00000000f5900000,0x00000000f5900000,0x00000000f6180000)
  from space 1024K, 98% used [0x00000000f6180000,0x00000000f627c010,0x00000000f6280000)
  to   space 1024K, 0% used [0x00000000f6280000,0x00000000f6280000,0x00000000f6380000)
 ParOldGen       total 22016K, used 400K [0x00000000e0a00000, 0x00000000e1f80000, 0x00000000f5900000)
  object space 22016K, 1% used [0x00000000e0a00000,0x00000000e0a640e8,0x00000000e1f80000)
 Metaspace       used 4357K, capacity 4976K, committed 5248K, reserved 1056768K
  class space    used 494K, capacity 540K, committed 640K, reserved 1048576K
}
Event: 0.726 GC heap before
{Heap before GC invocations=2 (full 0):
 PSYoungGen      total 9728K, used 9712K [0x00000000f5900000, 0x00000000f6380000, 0x0000000100000000)
  eden space 8704K, 100% used [0x00000000f5900000,0x00000000f6180000,0x00000000f6180000)
  from space 1024K, 98% used [0x00000000f6180000,0x00000000f627c010,0x00000000f6280000)
  to   space 1024K, 0% used [0x00000000f6280000,0x00000000f6280000,0x00000000f6380000)
 ParOldGen       total 22016K, used 400K [0x00000000e0a00000, 0x00000000e1f80000, 0x00000000f5900000)
  object space 22016K, 1% used [0x00000000e0a00000,0x00000000e0a640e8,0x00000000e1f80000)
 Metaspace       used 6646K, capacity 6820K, committed 7040K, reserved 1056768K
  class space    used 782K, capacity 850K, committed 896K, reserved 1048576K
Event: 0.730 GC heap after
Heap after GC invocations=2 (full 0):
 PSYoungGen      total 9728K, used 1008K [0x00000000f5900000, 0x00000000f6380000, 0x0000000100000000)
  eden space 8704K, 0% used [0x00000000f5900000,0x00000000f5900000,0x00000000f6180000)
  from space 1024K, 98% used [0x00000000f6280000,0x00000000f637c010,0x00000000f6380000)
  to   space 1024K, 0% used [0x00000000f6180000,0x00000000f6180000,0x00000000f6280000)
 ParOldGen       total 22016K, used 1277K [0x00000000e0a00000, 0x00000000e1f80000, 0x00000000f5900000)
  object space 22016K, 5% used [0x00000000e0a00000,0x00000000e0b3f6d8,0x00000000e1f80000)
 Metaspace       used 6646K, capacity 6820K, committed 7040K, reserved 1056768K
  class space    used 782K, capacity 850K, committed 896K, reserved 1048576K
}
Event: 0.896 GC heap before
{Heap before GC invocations=3 (full 0):
 PSYoungGen      total 9728K, used 9712K [0x00000000f5900000, 0x00000000f6380000, 0x0000000100000000)
  eden space 8704K, 100% used [0x00000000f5900000,0x00000000f6180000,0x00000000f6180000)
  from space 1024K, 98% used [0x00000000f6280000,0x00000000f637c010,0x00000000f6380000)
  to   space 1024K, 0% used [0x00000000f6180000,0x00000000f6180000,0x00000000f6280000)
 ParOldGen       total 22016K, used 1277K [0x00000000e0a00000, 0x00000000e1f80000, 0x00000000f5900000)
  object space 22016K, 5% used [0x00000000e0a00000,0x00000000e0b3f6d8,0x00000000e1f80000)
 Metaspace       used 8434K, capacity 8588K, committed 8832K, reserved 1056768K
  class space    used 996K, capacity 1076K, committed 1152K, reserved 1048576K
Event: 0.901 GC heap after
Heap after GC invocations=3 (full 0):
 PSYoungGen      total 9728K, used 992K [0x00000000f5900000, 0x00000000f6c00000, 0x0000000100000000)
  eden space 8704K, 0% used [0x00000000f5900000,0x00000000f5900000,0x00000000f6180000)
  from space 1024K, 96% used [0x00000000f6180000,0x00000000f6278020,0x00000000f6280000)
  to   space 1024K, 0% used [0x00000000f6b00000,0x00000000f6b00000,0x00000000f6c00000)
 ParOldGen       total 22016K, used 2629K [0x00000000e0a00000, 0x00000000e1f80000, 0x00000000f5900000)
  object space 22016K, 11% used [0x00000000e0a00000,0x00000000e0c91668,0x00000000e1f80000)
 Metaspace       used 8434K, capacity 8588K, committed 8832K, reserved 1056768K
  class space    used 996K, capacity 1076K, committed 1152K, reserved 1048576K
}
Event: 1.087 GC heap before
{Heap before GC invocations=4 (full 0):
 PSYoungGen      total 9728K, used 9696K [0x00000000f5900000, 0x00000000f6c00000, 0x0000000100000000)
  eden space 8704K, 100% used [0x00000000f5900000,0x00000000f6180000,0x00000000f6180000)
  from space 1024K, 96% used [0x00000000f6180000,0x00000000f6278020,0x00000000f6280000)
  to   space 1024K, 0% used [0x00000000f6b00000,0x00000000f6b00000,0x00000000f6c00000)
 ParOldGen       total 22016K, used 2629K [0x00000000e0a00000, 0x00000000e1f80000, 0x00000000f5900000)
  object space 22016K, 11% used [0x00000000e0a00000,0x00000000e0c91668,0x00000000e1f80000)
 Metaspace       used 10228K, capacity 10414K, committed 10496K, reserved 1058816K
  class space    used 1169K, capacity 1237K, committed 1280K, reserved 1048576K
Event: 1.091 GC heap after
Heap after GC invocations=4 (full 0):
 PSYoungGen      total 18432K, used 992K [0x00000000f5900000, 0x00000000f6c00000, 0x0000000100000000)
  eden space 17408K, 0% used [0x00000000f5900000,0x00000000f5900000,0x00000000f6a00000)
  from space 1024K, 96% used [0x00000000f6b00000,0x00000000f6bf8020,0x00000000f6c00000)
  to   space 1024K, 0% used [0x00000000f6a00000,0x00000000f6a00000,0x00000000f6b00000)
 ParOldGen       total 22016K, used 4449K [0x00000000e0a00000, 0x00000000e1f80000, 0x00000000f5900000)
  object space 22016K, 20% used [0x00000000e0a00000,0x00000000e0e58740,0x00000000e1f80000)
 Metaspace       used 10228K, capacity 10414K, committed 10496K, reserved 1058816K
  class space    used 1169K, capacity 1237K, committed 1280K, reserved 1048576K
}
Event: 1.377 GC heap before
{Heap before GC invocations=5 (full 0):
 PSYoungGen      total 18432K, used 18395K [0x00000000f5900000, 0x00000000f6c00000, 0x0000000100000000)
  eden space 17408K, 99% used [0x00000000f5900000,0x00000000f69fef08,0x00000000f6a00000)
  from space 1024K, 96% used [0x00000000f6b00000,0x00000000f6bf8020,0x00000000f6c00000)
  to   space 1024K, 0% used [0x00000000f6a00000,0x00000000f6a00000,0x00000000f6b00000)
 ParOldGen       total 22016K, used 4449K [0x00000000e0a00000, 0x00000000e1f80000, 0x00000000f5900000)
  object space 22016K, 20% used [0x00000000e0a00000,0x00000000e0e58740,0x00000000e1f80000)
 Metaspace       used 12596K, capacity 12782K, committed 12928K, reserved 1060864K
  class space    used 1476K, capacity 1557K, committed 1664K, reserved 1048576K

