# JRE version: Java(TM) SE Runtime Environment (8.0_60-b27) (build 1.8.0_60-b27)
# Java VM: Java HotSpot(TM) 64-Bit Server VM (25.60-b23 mixed mode linux-amd64 compressed oops)
Heap:
 PSYoungGen      total 73728K, used 4083K [0x00000000f5900000, 0x00000000fa500000, 0x0000000100000000)
  eden space 69632K, 0% used [0x00000000f5900000,0x00000000f5900000,0x00000000f9d00000)
  from space 4096K, 99% used [0x00000000f9d00000,0x00000000fa0fcc50,0x00000000fa100000)
  to   space 4096K, 0% used [0x00000000fa100000,0x00000000fa100000,0x00000000fa500000)
 ParOldGen       total 22016K, used 8713K [0x00000000e0a00000, 0x00000000e1f80000, 0x00000000f5900000)
  object space 22016K, 39% used [0x00000000e0a00000,0x00000000e12827d0,0x00000000e1f80000)
 Metaspace       used 20860K, capacity 21070K, committed 21248K, reserved 1067008K
  class space    used 2627K, capacity 2717K, committed 2816K, reserved 1048576K
GC Heap History (10 events):
Event: 0.461 GC heap after
Heap after GC invocations=2 (full 0):
 PSYoungGen      total 18432K, used 992K [0x00000000f5900000, 0x00000000f6c00000, 0x0000000100000000)
  eden space 17408K, 0% used [0x00000000f5900000,0x00000000f5900000,0x00000000f6a00000)
  from space 1024K, 96% used [0x00000000f6b00000,0x00000000f6bf8020,0x00000000f6c00000)
  to   space 1024K, 0% used [0x00000000f6a00000,0x00000000f6a00000,0x00000000f6b00000)
 ParOldGen       total 22016K, used 1320K [0x00000000e0a00000, 0x00000000e1f80000, 0x00000000f5900000)
  object space 22016K, 5% used [0x00000000e0a00000,0x00000000e0b4a080,0x00000000e1f80000)
 Metaspace       used 6654K, capacity 6820K, committed 7040K, reserved 1056768K
  class space    used 782K, capacity 850K, committed 896K, reserved 1048576K
}
Event: 0.729 GC heap before
{Heap before GC invocations=3 (full 0):
 PSYoungGen      total 18432K, used 18400K [0x00000000f5900000, 0x00000000f6c00000, 0x0000000100000000)
  eden space 17408K, 100% used [0x00000000f5900000,0x00000000f6a00000,0x00000000f6a00000)
  from space 1024K, 96% used [0x00000000f6b00000,0x00000000f6bf8020,0x00000000f6c00000)
  to   space 1024K, 0% used [0x00000000f6a00000,0x00000000f6a00000,0x00000000f6b00000)
 ParOldGen       total 22016K, used 1320K [0x00000000e0a00000, 0x00000000e1f80000, 0x00000000f5900000)
  object space 22016K, 5% used [0x00000000e0a00000,0x00000000e0b4a080,0x00000000e1f80000)
 Metaspace       used 10217K, capacity 10350K, committed 10496K, reserved 1058816K
  class space    used 1168K, capacity 1237K, committed 1280K, reserved 1048576K
Event: 0.751 GC heap after
Heap after GC invocations=3 (full 0):
 PSYoungGen      total 18432K, used 992K [0x00000000f5900000, 0x00000000f7d00000, 0x0000000100000000)
  eden space 17408K, 0% used [0x00000000f5900000,0x00000000f5900000,0x00000000f6a00000)
  from space 1024K, 96% used [0x00000000f6a00000,0x00000000f6af8020,0x00000000f6b00000)
  to   space 1024K, 0% used [0x00000000f7c00000,0x00000000f7c00000,0x00000000f7d00000)
 ParOldGen       total 22016K, used 4456K [0x00000000e0a00000, 0x00000000e1f80000, 0x00000000f5900000)
  object space 22016K, 20% used [0x00000000e0a00000,0x00000000e0e5a380,0x00000000e1f80000)
 Metaspace       used 10217K, capacity 10350K, committed 10496K, reserved 1058816K
  class space    used 1168K, capacity 1237K, committed 1280K, reserved 1048576K
}
Event: 0.872 GC heap before
{Heap before GC invocations=4 (full 0):
 PSYoungGen      total 18432K, used 18391K [0x00000000f5900000, 0x00000000f7d00000, 0x0000000100000000)
  eden space 17408K, 99% used [0x00000000f5900000,0x00000000f69fde60,0x00000000f6a00000)
  from space 1024K, 96% used [0x00000000f6a00000,0x00000000f6af8020,0x00000000f6b00000)
  to   space 1024K, 0% used [0x00000000f7c00000,0x00000000f7c00000,0x00000000f7d00000)
 ParOldGen       total 22016K, used 4456K [0x00000000e0a00000, 0x00000000e1f80000, 0x00000000f5900000)
  object space 22016K, 20% used [0x00000000e0a00000,0x00000000e0e5a380,0x00000000e1f80000)
 Metaspace       used 12590K, capacity 12782K, committed 12928K, reserved 1060864K
  class space    used 1475K, capacity 1557K, committed 1664K, reserved 1048576K
Event: 0.878 GC heap after
Heap after GC invocations=4 (full 0):
 PSYoungGen      total 35840K, used 1024K [0x00000000f5900000, 0x00000000f7d00000, 0x0000000100000000)
  eden space 34816K, 0% used [0x00000000f5900000,0x00000000f5900000,0x00000000f7b00000)
  from space 1024K, 100% used [0x00000000f7c00000,0x00000000f7d00000,0x00000000f7d00000)
  to   space 1024K, 0% used [0x00000000f7b00000,0x00000000f7b00000,0x00000000f7c00000)
 ParOldGen       total 22016K, used 6380K [0x00000000e0a00000, 0x00000000e1f80000, 0x00000000f5900000)
  object space 22016K, 28% used [0x00000000e0a00000,0x00000000e103b038,0x00000000e1f80000)
 Metaspace       used 12590K, capacity 12782K, committed 12928K, reserved 1060864K
  class space    used 1475K, capacity 1557K, committed 1664K, reserved 1048576K
}
Event: 1.107 GC heap before
{Heap before GC invocations=5 (full 0):
 PSYoungGen      total 35840K, used 35826K [0x00000000f5900000, 0x00000000f7d00000, 0x0000000100000000)
  eden space 34816K, 99% used [0x00000000f5900000,0x00000000f7afc920,0x00000000f7b00000)
  from space 1024K, 100% used [0x00000000f7c00000,0x00000000f7d00000,0x00000000f7d00000)
  to   space 1024K, 0% used [0x00000000f7b00000,0x00000000f7b00000,0x00000000f7c00000)
 ParOldGen       total 22016K, used 6380K [0x00000000e0a00000, 0x00000000e1f80000, 0x00000000f5900000)
  object space 22016K, 28% used [0x00000000e0a00000,0x00000000e103b038,0x00000000e1f80000)
 Metaspace       used 15072K, capacity 15278K, committed 15488K, reserved 1062912K
  class space    used 1780K, capacity 1853K, committed 1920K, reserved 1048576K
Event: 1.111 GC heap after
Heap after GC invocations=5 (full 0):
 PSYoungGen      total 35840K, used 1008K [0x00000000f5900000, 0x00000000fa500000, 0x0000000100000000)
  eden space 34816K, 0% used [0x00000000f5900000,0x00000000f5900000,0x00000000f7b00000)
  from space 1024K, 98% used [0x00000000f7b00000,0x00000000f7bfc010,0x00000000f7c00000)
  to   space 4096K, 0% used [0x00000000fa100000,0x00000000fa100000,0x00000000fa500000)
 ParOldGen       total 22016K, used 7546K [0x00000000e0a00000, 0x00000000e1f80000, 0x00000000f5900000)
  object space 22016K, 34% used [0x00000000e0a00000,0x00000000e115ebb0,0x00000000e1f80000)
 Metaspace       used 15072K, capacity 15278K, committed 15488K, reserved 1062912K
  class space    used 1780K, capacity 1853K, committed 1920K, reserved 1048576K
}
Event: 1.155 GC heap before
{Heap before GC invocations=6 (full 0):
 PSYoungGen      total 35840K, used 35806K [0x00000000f5900000, 0x00000000fa500000, 0x0000000100000000)
  eden space 34816K, 99% used [0x00000000f5900000,0x00000000f7afb850,0x00000000f7b00000)
  from space 1024K, 98% used [0x00000000f7b00000,0x00000000f7bfc010,0x00000000f7c00000)
  to   space 4096K, 0% used [0x00000000fa100000,0x00000000fa100000,0x00000000fa500000)
 ParOldGen       total 22016K, used 7546K [0x00000000e0a00000, 0x00000000e1f80000, 0x00000000f5900000)
  object space 22016K, 34% used [0x00000000e0a00000,0x00000000e115ebb0,0x00000000e1f80000)
 Metaspace       used 15109K, capacity 15342K, committed 15488K, reserved 1062912K
  class space    used 1780K, capacity 1853K, committed 1920K, reserved 1048576K
Event: 1.164 GC heap after
Heap after GC invocations=6 (full 0):
 PSYoungGen      total 73728K, used 1584K [0x00000000f5900000, 0x00000000fa500000, 0x0000000100000000)
  eden space 69632K, 0% used [0x00000000f5900000,0x00000000f5900000,0x00000000f9d00000)
  from space 4096K, 38% used [0x00000000fa100000,0x00000000fa28c110,0x00000000fa500000)
  to   space 4096K, 0% used [0x00000000f9d00000,0x00000000f9d00000,0x00000000fa100000)
 ParOldGen       total 22016K, used 7554K [0x00000000e0a00000, 0x00000000e1f80000, 0x00000000f5900000)
  object space 22016K, 34% used [0x00000000e0a00000,0x00000000e1160bb0,0x00000000e1f80000)
 Metaspace       used 15109K, capacity 15342K, committed 15488K, reserved 1062912K
  class space    used 1780K, capacity 1853K, committed 1920K, reserved 1048576K
}
Event: 2.161 GC heap before
{Heap before GC invocations=7 (full 0):
 PSYoungGen      total 73728K, used 64107K [0x00000000f5900000, 0x00000000fa500000, 0x0000000100000000)
  eden space 69632K, 89% used [0x00000000f5900000,0x00000000f960ec48,0x00000000f9d00000)
  from space 4096K, 38% used [0x00000000fa100000,0x00000000fa28c110,0x00000000fa500000)
  to   space 4096K, 0% used [0x00000000f9d00000,0x00000000f9d00000,0x00000000fa100000)
 ParOldGen       total 22016K, used 7554K [0x00000000e0a00000, 0x00000000e1f80000, 0x00000000f5900000)
  object space 22016K, 34% used [0x00000000e0a00000,0x00000000e1160bb0,0x00000000e1f80000)
 Metaspace       used 20860K, capacity 21070K, committed 21248K, reserved 1067008K
  class space    used 2627K, capacity 2717K, committed 2816K, reserved 1048576K

