# JRE version: Java(TM) SE Runtime Environment (8.0_60-b27) (build 1.8.0_60-b27)
# Java VM: Java HotSpot(TM) 64-Bit Server VM (25.60-b23 mixed mode linux-amd64 compressed oops)
Heap:
 PSYoungGen      total 73728K, used 4068K [0x00000000f5900000, 0x00000000fa500000, 0x0000000100000000)
  eden space 69632K, 0% used [0x00000000f5900000,0x00000000f5900000,0x00000000f9d00000)
  from space 4096K, 99% used [0x00000000f9d00000,0x00000000fa0f9098,0x00000000fa100000)
  to   space 4096K, 0% used [0x00000000fa100000,0x00000000fa100000,0x00000000fa500000)
 ParOldGen       total 22016K, used 9082K [0x00000000e0a00000, 0x00000000e1f80000, 0x00000000f5900000)
  object space 22016K, 41% used [0x00000000e0a00000,0x00000000e12deae0,0x00000000e1f80000)
 Metaspace       used 20860K, capacity 21058K, committed 21248K, reserved 1067008K
  class space    used 2628K, capacity 2717K, committed 2816K, reserved 1048576K
GC Heap History (10 events):
Event: 0.403 GC heap after
Heap after GC invocations=2 (full 0):
 PSYoungGen      total 18432K, used 1008K [0x00000000f5900000, 0x00000000f6c00000, 0x0000000100000000)
  eden space 17408K, 0% used [0x00000000f5900000,0x00000000f5900000,0x00000000f6a00000)
  from space 1024K, 98% used [0x00000000f6b00000,0x00000000f6bfc010,0x00000000f6c00000)
  to   space 1024K, 0% used [0x00000000f6a00000,0x00000000f6a00000,0x00000000f6b00000)
 ParOldGen       total 22016K, used 1339K [0x00000000e0a00000, 0x00000000e1f80000, 0x00000000f5900000)
  object space 22016K, 6% used [0x00000000e0a00000,0x00000000e0b4ecb8,0x00000000e1f80000)
 Metaspace       used 6771K, capacity 6968K, committed 7040K, reserved 1056768K
  class space    used 799K, capacity 882K, committed 896K, reserved 1048576K
}
Event: 0.620 GC heap before
{Heap before GC invocations=3 (full 0):
 PSYoungGen      total 18432K, used 18416K [0x00000000f5900000, 0x00000000f6c00000, 0x0000000100000000)
  eden space 17408K, 100% used [0x00000000f5900000,0x00000000f6a00000,0x00000000f6a00000)
  from space 1024K, 98% used [0x00000000f6b00000,0x00000000f6bfc010,0x00000000f6c00000)
  to   space 1024K, 0% used [0x00000000f6a00000,0x00000000f6a00000,0x00000000f6b00000)
 ParOldGen       total 22016K, used 1339K [0x00000000e0a00000, 0x00000000e1f80000, 0x00000000f5900000)
  object space 22016K, 6% used [0x00000000e0a00000,0x00000000e0b4ecb8,0x00000000e1f80000)
 Metaspace       used 10298K, capacity 10530K, committed 10752K, reserved 1058816K
  class space    used 1182K, capacity 1237K, committed 1280K, reserved 1048576K
Event: 0.634 GC heap after
Heap after GC invocations=3 (full 0):
 PSYoungGen      total 18432K, used 1008K [0x00000000f5900000, 0x00000000f7d00000, 0x0000000100000000)
  eden space 17408K, 0% used [0x00000000f5900000,0x00000000f5900000,0x00000000f6a00000)
  from space 1024K, 98% used [0x00000000f6a00000,0x00000000f6afc010,0x00000000f6b00000)
  to   space 1024K, 0% used [0x00000000f7c00000,0x00000000f7c00000,0x00000000f7d00000)
 ParOldGen       total 22016K, used 4428K [0x00000000e0a00000, 0x00000000e1f80000, 0x00000000f5900000)
  object space 22016K, 20% used [0x00000000e0a00000,0x00000000e0e53070,0x00000000e1f80000)
 Metaspace       used 10298K, capacity 10530K, committed 10752K, reserved 1058816K
  class space    used 1182K, capacity 1237K, committed 1280K, reserved 1048576K
}
Event: 0.741 GC heap before
{Heap before GC invocations=4 (full 0):
 PSYoungGen      total 18432K, used 18389K [0x00000000f5900000, 0x00000000f7d00000, 0x0000000100000000)
  eden space 17408K, 99% used [0x00000000f5900000,0x00000000f69f9668,0x00000000f6a00000)
  from space 1024K, 98% used [0x00000000f6a00000,0x00000000f6afc010,0x00000000f6b00000)
  to   space 1024K, 0% used [0x00000000f7c00000,0x00000000f7c00000,0x00000000f7d00000)
 ParOldGen       total 22016K, used 4428K [0x00000000e0a00000, 0x00000000e1f80000, 0x00000000f5900000)
  object space 22016K, 20% used [0x00000000e0a00000,0x00000000e0e53070,0x00000000e1f80000)
 Metaspace       used 12672K, capacity 12930K, committed 13184K, reserved 1060864K
  class space    used 1481K, capacity 1589K, committed 1664K, reserved 1048576K
Event: 0.745 GC heap after
Heap after GC invocations=4 (full 0):
 PSYoungGen      total 35840K, used 1024K [0x00000000f5900000, 0x00000000f7d00000, 0x0000000100000000)
  eden space 34816K, 0% used [0x00000000f5900000,0x00000000f5900000,0x00000000f7b00000)
  from space 1024K, 100% used [0x00000000f7c00000,0x00000000f7d00000,0x00000000f7d00000)
  to   space 1024K, 0% used [0x00000000f7b00000,0x00000000f7b00000,0x00000000f7c00000)
 ParOldGen       total 22016K, used 6357K [0x00000000e0a00000, 0x00000000e1f80000, 0x00000000f5900000)
  object space 22016K, 28% used [0x00000000e0a00000,0x00000000e1035780,0x00000000e1f80000)
 Metaspace       used 12672K, capacity 12930K, committed 13184K, reserved 1060864K
  class space    used 1481K, capacity 1589K, committed 1664K, reserved 1048576K
}
Event: 0.864 GC heap before
{Heap before GC invocations=5 (full 0):
 PSYoungGen      total 35840K, used 35819K [0x00000000f5900000, 0x00000000f7d00000, 0x0000000100000000)
  eden space 34816K, 99% used [0x00000000f5900000,0x00000000f7afaf88,0x00000000f7b00000)
  from space 1024K, 100% used [0x00000000f7c00000,0x00000000f7d00000,0x00000000f7d00000)
  to   space 1024K, 0% used [0x00000000f7b00000,0x00000000f7b00000,0x00000000f7c00000)
 ParOldGen       total 22016K, used 6357K [0x00000000e0a00000, 0x00000000e1f80000, 0x00000000f5900000)
  object space 22016K, 28% used [0x00000000e0a00000,0x00000000e1035780,0x00000000e1f80000)
 Metaspace       used 15161K, capacity 15394K, committed 15744K, reserved 1062912K
  class space    used 1786K, capacity 1853K, committed 1920K, reserved 1048576K
Event: 0.867 GC heap after
Heap after GC invocations=5 (full 0):
 PSYoungGen      total 35840K, used 1024K [0x00000000f5900000, 0x00000000fa500000, 0x0000000100000000)
  eden space 34816K, 0% used [0x00000000f5900000,0x00000000f5900000,0x00000000f7b00000)
  from space 1024K, 100% used [0x00000000f7b00000,0x00000000f7c00000,0x00000000f7c00000)
  to   space 4096K, 0% used [0x00000000fa100000,0x00000000fa100000,0x00000000fa500000)
 ParOldGen       total 22016K, used 7856K [0x00000000e0a00000, 0x00000000e1f80000, 0x00000000f5900000)
  object space 22016K, 35% used [0x00000000e0a00000,0x00000000e11ac3b8,0x00000000e1f80000)
 Metaspace       used 15161K, capacity 15394K, committed 15744K, reserved 1062912K
  class space    used 1786K, capacity 1853K, committed 1920K, reserved 1048576K
}
Event: 0.909 GC heap before
{Heap before GC invocations=6 (full 0):
 PSYoungGen      total 35840K, used 35840K [0x00000000f5900000, 0x00000000fa500000, 0x0000000100000000)
  eden space 34816K, 100% used [0x00000000f5900000,0x00000000f7b00000,0x00000000f7b00000)
  from space 1024K, 100% used [0x00000000f7b00000,0x00000000f7c00000,0x00000000f7c00000)
  to   space 4096K, 0% used [0x00000000fa100000,0x00000000fa100000,0x00000000fa500000)
 ParOldGen       total 22016K, used 7856K [0x00000000e0a00000, 0x00000000e1f80000, 0x00000000f5900000)
  object space 22016K, 35% used [0x00000000e0a00000,0x00000000e11ac3b8,0x00000000e1f80000)
 Metaspace       used 15199K, capacity 15394K, committed 15744K, reserved 1062912K
  class space    used 1786K, capacity 1853K, committed 1920K, reserved 1048576K
Event: 0.912 GC heap after
Heap after GC invocations=6 (full 0):
 PSYoungGen      total 73728K, used 1552K [0x00000000f5900000, 0x00000000fa500000, 0x0000000100000000)
  eden space 69632K, 0% used [0x00000000f5900000,0x00000000f5900000,0x00000000f9d00000)
  from space 4096K, 37% used [0x00000000fa100000,0x00000000fa2840f0,0x00000000fa500000)
  to   space 4096K, 0% used [0x00000000f9d00000,0x00000000f9d00000,0x00000000fa100000)
 ParOldGen       total 22016K, used 7856K [0x00000000e0a00000, 0x00000000e1f80000, 0x00000000f5900000)
  object space 22016K, 35% used [0x00000000e0a00000,0x00000000e11ac3b8,0x00000000e1f80000)
 Metaspace       used 15199K, capacity 15394K, committed 15744K, reserved 1062912K
  class space    used 1786K, capacity 1853K, committed 1920K, reserved 1048576K
}
Event: 1.510 GC heap before
{Heap before GC invocations=7 (full 0):
 PSYoungGen      total 73728K, used 65512K [0x00000000f5900000, 0x00000000fa500000, 0x0000000100000000)
  eden space 69632K, 91% used [0x00000000f5900000,0x00000000f9776268,0x00000000f9d00000)
  from space 4096K, 37% used [0x00000000fa100000,0x00000000fa2840f0,0x00000000fa500000)
  to   space 4096K, 0% used [0x00000000f9d00000,0x00000000f9d00000,0x00000000fa100000)
 ParOldGen       total 22016K, used 7856K [0x00000000e0a00000, 0x00000000e1f80000, 0x00000000f5900000)
  object space 22016K, 35% used [0x00000000e0a00000,0x00000000e11ac3b8,0x00000000e1f80000)
 Metaspace       used 20860K, capacity 21058K, committed 21248K, reserved 1067008K
  class space    used 2628K, capacity 2717K, committed 2816K, reserved 1048576K

